<?xml version="1.0" encoding="UTF-8"?>
<!-- Generated by org.testng.reporters.JUnitXMLReporter -->
<testsuite hostname="Sony-PC" ignored="1" name="Default test" tests="7" failures="0" timestamp="10 Aug 2017 10:56:06 GMT" time="0.101" errors="0">
  <testcase name="testA" time="0.01" classname="testNGExample.TestAnnotations"/>
  <testcase name="testA" time="0.002" classname="testNGExample.TestAnnotations"/>
  <testcase name="testB" time="0.005" classname="testNGExample.TestAnnotations"/>
  <testcase name="teste" time="0.01" classname="testNGExample.TestAnnotations"/>
  <testcase name="testf" time="0.002" classname="testNGExample.TestAnnotations"/>
  <testcase name="testg" time="0.003" classname="testNGExample.TestAnnotations"/>
  <testcase name="testc" time="0.003" classname="testNGExample.TestAnnotations"/>
  <testcase name="testd" time="0.0" classname="testNGExample.TestAnnotations">
    <ignored/>
  </testcase> <!-- testd -->
</testsuite> <!-- Default test -->
