<?xml version="1.0" encoding="UTF-8"?>
<!-- Generated by org.testng.reporters.JUnitXMLReporter -->
<testsuite hostname="Sony-PC" ignored="0" name="Test" tests="1" failures="1" timestamp="03 Feb 2018 12:22:20 GMT" time="14.978" errors="0">
  <testcase name="testlogin" time="2.395" classname="script.TestLoginPage">
    <failure type="java.lang.AssertionError" message="expected [tested] but found [actiTIME - Login]">
      <![CDATA[java.lang.AssertionError: expected [tested] but found [actiTIME - Login]
	at script.TestLoginPage.testlogin(TestLoginPage.java:27)
... Removed 31 stack frames]]>
    </failure>
  </testcase> <!-- testlogin -->
</testsuite> <!-- Test -->
