<?xml version="1.0" encoding="UTF-8"?>
<!-- Generated by org.testng.reporters.JUnitXMLReporter -->
<testsuite hostname="Sony-PC" ignored="7" name="Test" tests="1" failures="0" timestamp="10 Aug 2017 10:52:25 GMT" time="0.102" errors="0">
  <testcase name="teste" time="0.022" classname="testNGExample.TestAnnotations"/>
  <testcase name="testd" time="0.0" classname="testNGExample.TestAnnotations">
    <ignored/>
  </testcase> <!-- testd -->
  <testcase name="testc" time="0.0" classname="testNGExample.TestAnnotations">
    <ignored/>
  </testcase> <!-- testc -->
  <testcase name="testB" time="0.0" classname="testNGExample.TestAnnotations">
    <ignored/>
  </testcase> <!-- testB -->
  <testcase name="testg" time="0.0" classname="testNGExample.TestAnnotations">
    <ignored/>
  </testcase> <!-- testg -->
  <testcase name="testignore" time="0.0" classname="testNGExample.TestAnnotations">
    <ignored/>
  </testcase> <!-- testignore -->
  <testcase name="testf" time="0.0" classname="testNGExample.TestAnnotations">
    <ignored/>
  </testcase> <!-- testf -->
  <testcase name="testA" time="0.0" classname="testNGExample.TestAnnotations">
    <ignored/>
  </testcase> <!-- testA -->
</testsuite> <!-- Test -->
