<?xml version="1.0" encoding="UTF-8"?>
<testng-results skipped="0" failed="0" ignored="1" total="8" passed="7">
  <reporter-output>
    <line>
      <![CDATA[beforesuite]]>
    </line>
    <line>
      <![CDATA[beforetest]]>
    </line>
    <line>
      <![CDATA[beforeclass]]>
    </line>
    <line>
      <![CDATA[beforemethod]]>
    </line>
    <line>
      <![CDATA[testA]]>
    </line>
    <line>
      <![CDATA[Aftermethod]]>
    </line>
    <line>
      <![CDATA[beforemethod]]>
    </line>
    <line>
      <![CDATA[testA]]>
    </line>
    <line>
      <![CDATA[Aftermethod]]>
    </line>
    <line>
      <![CDATA[beforemethod]]>
    </line>
    <line>
      <![CDATA[testb]]>
    </line>
    <line>
      <![CDATA[Aftermethod]]>
    </line>
    <line>
      <![CDATA[beforemethod]]>
    </line>
    <line>
      <![CDATA[teste]]>
    </line>
    <line>
      <![CDATA[Aftermethod]]>
    </line>
    <line>
      <![CDATA[beforemethod]]>
    </line>
    <line>
      <![CDATA[testf]]>
    </line>
    <line>
      <![CDATA[Aftermethod]]>
    </line>
    <line>
      <![CDATA[beforemethod]]>
    </line>
    <line>
      <![CDATA[testg]]>
    </line>
    <line>
      <![CDATA[Aftermethod]]>
    </line>
    <line>
      <![CDATA[beforemethod]]>
    </line>
    <line>
      <![CDATA[testc enabled]]>
    </line>
    <line>
      <![CDATA[Aftermethod]]>
    </line>
    <line>
      <![CDATA[Afterclass]]>
    </line>
    <line>
      <![CDATA[aftertest]]>
    </line>
    <line>
      <![CDATA[aftersuite]]>
    </line>
  </reporter-output>
  <suite name="Default suite" duration-ms="101" started-at="2017-08-10T10:56:06Z" finished-at="2017-08-10T10:56:06Z">
    <groups>
      <group name="regression">
        <method signature="TestAnnotations.teste()[pri:0, instance:testNGExample.TestAnnotations@15b5592]" name="teste" class="testNGExample.TestAnnotations"/>
      </group> <!-- regression -->
      <group name="Regression">
        <method signature="TestAnnotations.testA()[pri:0, instance:testNGExample.TestAnnotations@15b5592]" name="testA" class="testNGExample.TestAnnotations"/>
        <method signature="TestAnnotations.testg()[pri:0, instance:testNGExample.TestAnnotations@15b5592]" name="testg" class="testNGExample.TestAnnotations"/>
      </group> <!-- Regression -->
      <group name="smoke">
        <method signature="TestAnnotations.testA()[pri:0, instance:testNGExample.TestAnnotations@15b5592]" name="testA" class="testNGExample.TestAnnotations"/>
        <method signature="TestAnnotations.teste()[pri:0, instance:testNGExample.TestAnnotations@15b5592]" name="teste" class="testNGExample.TestAnnotations"/>
        <method signature="TestAnnotations.testf()[pri:0, instance:testNGExample.TestAnnotations@15b5592]" name="testf" class="testNGExample.TestAnnotations"/>
      </group> <!-- smoke -->
      <group name="RegressionTest">
        <method signature="TestAnnotations.testB()[pri:0, instance:testNGExample.TestAnnotations@15b5592]" name="testB" class="testNGExample.TestAnnotations"/>
      </group> <!-- RegressionTest -->
    </groups>
    <test name="Default test" duration-ms="101" started-at="2017-08-10T10:56:06Z" finished-at="2017-08-10T10:56:06Z">
      <class name="testNGExample.TestAnnotations">
        <test-method status="PASS" signature="m1()[pri:0, instance:testNGExample.TestAnnotations@15b5592]" name="m1" is-config="true" duration-ms="25" started-at="2017-08-10T16:26:06Z" finished-at="2017-08-10T16:26:06Z">
          <reporter-output>
            <line>
              <![CDATA[beforesuite]]>
            </line>
          </reporter-output>
        </test-method> <!-- m1 -->
        <test-method status="PASS" signature="m3()[pri:0, instance:testNGExample.TestAnnotations@15b5592]" name="m3" is-config="true" duration-ms="0" started-at="2017-08-10T16:26:06Z" finished-at="2017-08-10T16:26:06Z">
          <reporter-output>
            <line>
              <![CDATA[beforetest]]>
            </line>
          </reporter-output>
        </test-method> <!-- m3 -->
        <test-method status="PASS" signature="m5()[pri:0, instance:testNGExample.TestAnnotations@15b5592]" name="m5" is-config="true" duration-ms="0" started-at="2017-08-10T16:26:06Z" finished-at="2017-08-10T16:26:06Z">
          <reporter-output>
            <line>
              <![CDATA[beforeclass]]>
            </line>
          </reporter-output>
        </test-method> <!-- m5 -->
        <test-method status="PASS" signature="m7()[pri:0, instance:testNGExample.TestAnnotations@15b5592]" name="m7" is-config="true" duration-ms="0" started-at="2017-08-10T16:26:06Z" finished-at="2017-08-10T16:26:06Z">
          <reporter-output>
            <line>
              <![CDATA[beforemethod]]>
            </line>
          </reporter-output>
        </test-method> <!-- m7 -->
        <test-method status="PASS" signature="testA()[pri:0, instance:testNGExample.TestAnnotations@15b5592]" name="testA" duration-ms="10" started-at="2017-08-10T16:26:06Z" finished-at="2017-08-10T16:26:06Z">
          <reporter-output>
            <line>
              <![CDATA[testA]]>
            </line>
          </reporter-output>
        </test-method> <!-- testA -->
        <test-method status="PASS" signature="testA()[pri:0, instance:testNGExample.TestAnnotations@15b5592]" name="testA" duration-ms="2" started-at="2017-08-10T16:26:06Z" finished-at="2017-08-10T16:26:06Z">
          <reporter-output>
            <line>
              <![CDATA[testA]]>
            </line>
          </reporter-output>
        </test-method> <!-- testA -->
        <test-method status="PASS" signature="m7()[pri:0, instance:testNGExample.TestAnnotations@15b5592]" name="m7" is-config="true" duration-ms="0" started-at="2017-08-10T16:26:06Z" finished-at="2017-08-10T16:26:06Z">
          <reporter-output>
            <line>
              <![CDATA[beforemethod]]>
            </line>
          </reporter-output>
        </test-method> <!-- m7 -->
        <test-method status="PASS" signature="m8()[pri:0, instance:testNGExample.TestAnnotations@15b5592]" name="m8" is-config="true" duration-ms="0" started-at="2017-08-10T16:26:06Z" finished-at="2017-08-10T16:26:06Z">
          <reporter-output>
            <line>
              <![CDATA[Aftermethod]]>
            </line>
          </reporter-output>
        </test-method> <!-- m8 -->
        <test-method status="PASS" signature="m8()[pri:0, instance:testNGExample.TestAnnotations@15b5592]" name="m8" is-config="true" duration-ms="2" started-at="2017-08-10T16:26:06Z" finished-at="2017-08-10T16:26:06Z">
          <reporter-output>
            <line>
              <![CDATA[Aftermethod]]>
            </line>
          </reporter-output>
        </test-method> <!-- m8 -->
        <test-method status="PASS" signature="m7()[pri:0, instance:testNGExample.TestAnnotations@15b5592]" name="m7" is-config="true" duration-ms="0" started-at="2017-08-10T16:26:06Z" finished-at="2017-08-10T16:26:06Z">
          <reporter-output>
            <line>
              <![CDATA[beforemethod]]>
            </line>
          </reporter-output>
        </test-method> <!-- m7 -->
        <test-method status="PASS" signature="testB()[pri:0, instance:testNGExample.TestAnnotations@15b5592]" name="testB" duration-ms="5" started-at="2017-08-10T16:26:06Z" finished-at="2017-08-10T16:26:06Z">
          <reporter-output>
            <line>
              <![CDATA[testb]]>
            </line>
          </reporter-output>
        </test-method> <!-- testB -->
        <test-method status="PASS" signature="m8()[pri:0, instance:testNGExample.TestAnnotations@15b5592]" name="m8" is-config="true" duration-ms="2" started-at="2017-08-10T16:26:06Z" finished-at="2017-08-10T16:26:06Z">
          <reporter-output>
            <line>
              <![CDATA[Aftermethod]]>
            </line>
          </reporter-output>
        </test-method> <!-- m8 -->
        <test-method status="PASS" signature="m7()[pri:0, instance:testNGExample.TestAnnotations@15b5592]" name="m7" is-config="true" duration-ms="0" started-at="2017-08-10T16:26:06Z" finished-at="2017-08-10T16:26:06Z">
          <reporter-output>
            <line>
              <![CDATA[beforemethod]]>
            </line>
          </reporter-output>
        </test-method> <!-- m7 -->
        <test-method status="PASS" signature="teste()[pri:0, instance:testNGExample.TestAnnotations@15b5592]" name="teste" duration-ms="10" started-at="2017-08-10T16:26:06Z" finished-at="2017-08-10T16:26:06Z">
          <reporter-output>
            <line>
              <![CDATA[teste]]>
            </line>
          </reporter-output>
        </test-method> <!-- teste -->
        <test-method status="PASS" signature="m8()[pri:0, instance:testNGExample.TestAnnotations@15b5592]" name="m8" is-config="true" duration-ms="0" started-at="2017-08-10T16:26:06Z" finished-at="2017-08-10T16:26:06Z">
          <reporter-output>
            <line>
              <![CDATA[Aftermethod]]>
            </line>
          </reporter-output>
        </test-method> <!-- m8 -->
        <test-method status="PASS" signature="testf()[pri:0, instance:testNGExample.TestAnnotations@15b5592]" name="testf" duration-ms="2" started-at="2017-08-10T16:26:06Z" finished-at="2017-08-10T16:26:06Z">
          <reporter-output>
            <line>
              <![CDATA[testf]]>
            </line>
          </reporter-output>
        </test-method> <!-- testf -->
        <test-method status="PASS" signature="m7()[pri:0, instance:testNGExample.TestAnnotations@15b5592]" name="m7" is-config="true" duration-ms="0" started-at="2017-08-10T16:26:06Z" finished-at="2017-08-10T16:26:06Z">
          <reporter-output>
            <line>
              <![CDATA[beforemethod]]>
            </line>
          </reporter-output>
        </test-method> <!-- m7 -->
        <test-method status="PASS" signature="m8()[pri:0, instance:testNGExample.TestAnnotations@15b5592]" name="m8" is-config="true" duration-ms="0" started-at="2017-08-10T16:26:06Z" finished-at="2017-08-10T16:26:06Z">
          <reporter-output>
            <line>
              <![CDATA[Aftermethod]]>
            </line>
          </reporter-output>
        </test-method> <!-- m8 -->
        <test-method status="PASS" signature="m7()[pri:0, instance:testNGExample.TestAnnotations@15b5592]" name="m7" is-config="true" duration-ms="2" started-at="2017-08-10T16:26:06Z" finished-at="2017-08-10T16:26:06Z">
          <reporter-output>
            <line>
              <![CDATA[beforemethod]]>
            </line>
          </reporter-output>
        </test-method> <!-- m7 -->
        <test-method status="PASS" signature="testg()[pri:0, instance:testNGExample.TestAnnotations@15b5592]" name="testg" duration-ms="3" started-at="2017-08-10T16:26:06Z" finished-at="2017-08-10T16:26:06Z">
          <reporter-output>
            <line>
              <![CDATA[testg]]>
            </line>
          </reporter-output>
        </test-method> <!-- testg -->
        <test-method status="PASS" signature="m8()[pri:0, instance:testNGExample.TestAnnotations@15b5592]" name="m8" is-config="true" duration-ms="0" started-at="2017-08-10T16:26:06Z" finished-at="2017-08-10T16:26:06Z">
          <reporter-output>
            <line>
              <![CDATA[Aftermethod]]>
            </line>
          </reporter-output>
        </test-method> <!-- m8 -->
        <test-method status="PASS" signature="testc()[pri:1, instance:testNGExample.TestAnnotations@15b5592]" name="testc" duration-ms="3" started-at="2017-08-10T16:26:06Z" finished-at="2017-08-10T16:26:06Z">
          <reporter-output>
            <line>
              <![CDATA[testc enabled]]>
            </line>
          </reporter-output>
        </test-method> <!-- testc -->
        <test-method status="PASS" signature="m7()[pri:0, instance:testNGExample.TestAnnotations@15b5592]" name="m7" is-config="true" duration-ms="0" started-at="2017-08-10T16:26:06Z" finished-at="2017-08-10T16:26:06Z">
          <reporter-output>
            <line>
              <![CDATA[beforemethod]]>
            </line>
          </reporter-output>
        </test-method> <!-- m7 -->
        <test-method status="PASS" signature="m6()[pri:0, instance:testNGExample.TestAnnotations@15b5592]" name="m6" is-config="true" duration-ms="0" started-at="2017-08-10T16:26:06Z" finished-at="2017-08-10T16:26:06Z">
          <reporter-output>
            <line>
              <![CDATA[Afterclass]]>
            </line>
          </reporter-output>
        </test-method> <!-- m6 -->
        <test-method status="PASS" signature="m8()[pri:0, instance:testNGExample.TestAnnotations@15b5592]" name="m8" is-config="true" duration-ms="0" started-at="2017-08-10T16:26:06Z" finished-at="2017-08-10T16:26:06Z">
          <reporter-output>
            <line>
              <![CDATA[Aftermethod]]>
            </line>
          </reporter-output>
        </test-method> <!-- m8 -->
        <test-method status="PASS" signature="m4()[pri:0, instance:testNGExample.TestAnnotations@15b5592]" name="m4" is-config="true" duration-ms="0" started-at="2017-08-10T16:26:06Z" finished-at="2017-08-10T16:26:06Z">
          <reporter-output>
            <line>
              <![CDATA[aftertest]]>
            </line>
          </reporter-output>
        </test-method> <!-- m4 -->
        <test-method status="PASS" signature="m2()[pri:0, instance:testNGExample.TestAnnotations@15b5592]" name="m2" is-config="true" duration-ms="0" started-at="2017-08-10T16:26:06Z" finished-at="2017-08-10T16:26:06Z">
          <reporter-output>
            <line>
              <![CDATA[aftersuite]]>
            </line>
          </reporter-output>
        </test-method> <!-- m2 -->
      </class> <!-- testNGExample.TestAnnotations -->
    </test> <!-- Default test -->
  </suite> <!-- Default suite -->
</testng-results>
